Analysis & Synthesis report for booth
Wed Feb 08 08:03:01 2017
Quartus II 64-Bit Version 13.0.1 Build 232 06/12/2013 Service Pack 1 SJ Web Edition


---------------------
; Table of Contents ;
---------------------
  1. Legal Notice
  2. Analysis & Synthesis Summary
  3. Analysis & Synthesis Settings
  4. Parallel Compilation
  5. Analysis & Synthesis Source Files Read
  6. Analysis & Synthesis Resource Usage Summary
  7. Analysis & Synthesis Resource Utilization by Entity
  8. Registers Removed During Synthesis
  9. General Register Statistics
 10. Multiplexer Restructuring Statistics (Restructuring Performed)
 11. Parameter Settings for User Entity Instance: booth:booth|mem:mem|memblock:memblock|memory:A
 12. Parameter Settings for User Entity Instance: booth:booth|mem:mem|memblock:memblock|memory:B
 13. Parameter Settings for User Entity Instance: booth:booth|mem:mem|memblock:memblock|memory:C
 14. Parameter Settings for User Entity Instance: booth:booth|counter:counter
 15. Port Connectivity Checks: "booth:booth|counter:counter"
 16. Port Connectivity Checks: "booth:booth|mem:mem|memblock:memblock|memory:C"
 17. Port Connectivity Checks: "booth:booth|mem:mem|memblock:memblock|memory:B"
 18. Port Connectivity Checks: "booth:booth|mem:mem|memblock:memblock|memory:A"
 19. Elapsed Time Per Partition
 20. Analysis & Synthesis Messages
 21. Analysis & Synthesis Suppressed Messages



----------------
; Legal Notice ;
----------------
Copyright (C) 1991-2013 Altera Corporation
Your use of Altera Corporation's design tools, logic functions 
and other software and tools, and its AMPP partner logic 
functions, and any output files from any of the foregoing 
(including device programming or simulation files), and any 
associated documentation or information are expressly subject 
to the terms and conditions of the Altera Program License 
Subscription Agreement, Altera MegaCore Function License 
Agreement, or other applicable license agreement, including, 
without limitation, that your use is for the sole purpose of 
programming logic devices manufactured by Altera and sold by 
Altera or its authorized distributors.  Please refer to the 
applicable agreement for further details.



+--------------------------------------------------------------------------------------+
; Analysis & Synthesis Summary                                                         ;
+------------------------------------+-------------------------------------------------+
; Analysis & Synthesis Status        ; Successful - Wed Feb 08 08:03:01 2017           ;
; Quartus II 64-Bit Version          ; 13.0.1 Build 232 06/12/2013 SP 1 SJ Web Edition ;
; Revision Name                      ; booth                                           ;
; Top-level Entity Name              ; booth_board                                     ;
; Family                             ; Cyclone II                                      ;
; Total logic elements               ; 135                                             ;
;     Total combinational functions  ; 127                                             ;
;     Dedicated logic registers      ; 32                                              ;
; Total registers                    ; 32                                              ;
; Total pins                         ; 78                                              ;
; Total virtual pins                 ; 0                                               ;
; Total memory bits                  ; 0                                               ;
; Embedded Multiplier 9-bit elements ; 0                                               ;
; Total PLLs                         ; 0                                               ;
+------------------------------------+-------------------------------------------------+


+----------------------------------------------------------------------------------------------------------------------+
; Analysis & Synthesis Settings                                                                                        ;
+----------------------------------------------------------------------------+--------------------+--------------------+
; Option                                                                     ; Setting            ; Default Value      ;
+----------------------------------------------------------------------------+--------------------+--------------------+
; Device                                                                     ; EP2C35F672C6       ;                    ;
; Top-level entity name                                                      ; booth_board        ; booth              ;
; Family name                                                                ; Cyclone II         ; Cyclone IV GX      ;
; Use smart compilation                                                      ; Off                ; Off                ;
; Enable parallel Assembler and TimeQuest Timing Analyzer during compilation ; On                 ; On                 ;
; Enable compact report table                                                ; Off                ; Off                ;
; Restructure Multiplexers                                                   ; Auto               ; Auto               ;
; Create Debugging Nodes for IP Cores                                        ; Off                ; Off                ;
; Preserve fewer node names                                                  ; On                 ; On                 ;
; Disable OpenCore Plus hardware evaluation                                  ; Off                ; Off                ;
; Verilog Version                                                            ; Verilog_2001       ; Verilog_2001       ;
; VHDL Version                                                               ; VHDL_1993          ; VHDL_1993          ;
; State Machine Processing                                                   ; Auto               ; Auto               ;
; Safe State Machine                                                         ; Off                ; Off                ;
; Extract Verilog State Machines                                             ; On                 ; On                 ;
; Extract VHDL State Machines                                                ; On                 ; On                 ;
; Ignore Verilog initial constructs                                          ; Off                ; Off                ;
; Iteration limit for constant Verilog loops                                 ; 5000               ; 5000               ;
; Iteration limit for non-constant Verilog loops                             ; 250                ; 250                ;
; Add Pass-Through Logic to Inferred RAMs                                    ; On                 ; On                 ;
; Infer RAMs from Raw Logic                                                  ; On                 ; On                 ;
; Parallel Synthesis                                                         ; On                 ; On                 ;
; DSP Block Balancing                                                        ; Auto               ; Auto               ;
; NOT Gate Push-Back                                                         ; On                 ; On                 ;
; Power-Up Don't Care                                                        ; On                 ; On                 ;
; Remove Redundant Logic Cells                                               ; Off                ; Off                ;
; Remove Duplicate Registers                                                 ; On                 ; On                 ;
; Ignore CARRY Buffers                                                       ; Off                ; Off                ;
; Ignore CASCADE Buffers                                                     ; Off                ; Off                ;
; Ignore GLOBAL Buffers                                                      ; Off                ; Off                ;
; Ignore ROW GLOBAL Buffers                                                  ; Off                ; Off                ;
; Ignore LCELL Buffers                                                       ; Off                ; Off                ;
; Ignore SOFT Buffers                                                        ; On                 ; On                 ;
; Limit AHDL Integers to 32 Bits                                             ; Off                ; Off                ;
; Optimization Technique                                                     ; Balanced           ; Balanced           ;
; Carry Chain Length                                                         ; 70                 ; 70                 ;
; Auto Carry Chains                                                          ; On                 ; On                 ;
; Auto Open-Drain Pins                                                       ; On                 ; On                 ;
; Perform WYSIWYG Primitive Resynthesis                                      ; Off                ; Off                ;
; Auto ROM Replacement                                                       ; On                 ; On                 ;
; Auto RAM Replacement                                                       ; On                 ; On                 ;
; Auto Shift Register Replacement                                            ; Auto               ; Auto               ;
; Allow Shift Register Merging across Hierarchies                            ; Auto               ; Auto               ;
; Auto Clock Enable Replacement                                              ; On                 ; On                 ;
; Strict RAM Replacement                                                     ; Off                ; Off                ;
; Allow Synchronous Control Signals                                          ; On                 ; On                 ;
; Force Use of Synchronous Clear Signals                                     ; Off                ; Off                ;
; Auto RAM to Logic Cell Conversion                                          ; Off                ; Off                ;
; Auto Resource Sharing                                                      ; Off                ; Off                ;
; Allow Any RAM Size For Recognition                                         ; Off                ; Off                ;
; Allow Any ROM Size For Recognition                                         ; Off                ; Off                ;
; Allow Any Shift Register Size For Recognition                              ; Off                ; Off                ;
; Use LogicLock Constraints during Resource Balancing                        ; On                 ; On                 ;
; Ignore translate_off and synthesis_off directives                          ; Off                ; Off                ;
; Timing-Driven Synthesis                                                    ; Off                ; Off                ;
; Report Parameter Settings                                                  ; On                 ; On                 ;
; Report Source Assignments                                                  ; On                 ; On                 ;
; Report Connectivity Checks                                                 ; On                 ; On                 ;
; Ignore Maximum Fan-Out Assignments                                         ; Off                ; Off                ;
; Synchronization Register Chain Length                                      ; 2                  ; 2                  ;
; PowerPlay Power Optimization                                               ; Normal compilation ; Normal compilation ;
; HDL message level                                                          ; Level2             ; Level2             ;
; Suppress Register Optimization Related Messages                            ; Off                ; Off                ;
; Number of Removed Registers Reported in Synthesis Report                   ; 5000               ; 5000               ;
; Number of Swept Nodes Reported in Synthesis Report                         ; 5000               ; 5000               ;
; Number of Inverted Registers Reported in Synthesis Report                  ; 100                ; 100                ;
; Clock MUX Protection                                                       ; On                 ; On                 ;
; Auto Gated Clock Conversion                                                ; Off                ; Off                ;
; Block Design Naming                                                        ; Auto               ; Auto               ;
; SDC constraint protection                                                  ; Off                ; Off                ;
; Synthesis Effort                                                           ; Auto               ; Auto               ;
; Shift Register Replacement - Allow Asynchronous Clear Signal               ; On                 ; On                 ;
; Pre-Mapping Resynthesis Optimization                                       ; Off                ; Off                ;
; Analysis & Synthesis Message Level                                         ; Medium             ; Medium             ;
; Disable Register Merging Across Hierarchies                                ; Auto               ; Auto               ;
; Resource Aware Inference For Block RAM                                     ; On                 ; On                 ;
; Synthesis Seed                                                             ; 1                  ; 1                  ;
+----------------------------------------------------------------------------+--------------------+--------------------+


+------------------------------------------+
; Parallel Compilation                     ;
+----------------------------+-------------+
; Processors                 ; Number      ;
+----------------------------+-------------+
; Number detected on machine ; 8           ;
; Maximum allowed            ; 8           ;
;                            ;             ;
; Average used               ; 1.00        ;
; Maximum used               ; 1           ;
;                            ;             ;
; Usage by Processor         ; % Time Used ;
;     Processor 1            ; 100.0%      ;
;     Processors 2-8         ;   0.0%      ;
+----------------------------+-------------+


+------------------------------------------------------------------------------------------------------------------------------------------+
; Analysis & Synthesis Source Files Read                                                                                                   ;
+----------------------------------+-----------------+------------------------+--------------------------------------------------+---------+
; File Name with User-Entered Path ; Used in Netlist ; File Type              ; File Name with Absolute Path                     ; Library ;
+----------------------------------+-----------------+------------------------+--------------------------------------------------+---------+
; source/hex_7_seg.v               ; yes             ; User Verilog HDL File  ; C:/Users/louis/Desktop/lab3/source/hex_7_seg.v   ;         ;
; source/booth.v                   ; yes             ; User Verilog HDL File  ; C:/Users/louis/Desktop/lab3/source/booth.v       ;         ;
; source/state.v                   ; yes             ; User Verilog HDL File  ; C:/Users/louis/Desktop/lab3/source/state.v       ;         ;
; source/dff.v                     ; yes             ; User Verilog HDL File  ; C:/Users/louis/Desktop/lab3/source/dff.v         ;         ;
; source/counter.v                 ; yes             ; User Verilog HDL File  ; C:/Users/louis/Desktop/lab3/source/counter.v     ;         ;
; source/memory.v                  ; yes             ; User Verilog HDL File  ; C:/Users/louis/Desktop/lab3/source/memory.v      ;         ;
; source/memblock.v                ; yes             ; User Verilog HDL File  ; C:/Users/louis/Desktop/lab3/source/memblock.v    ;         ;
; source/mem.v                     ; yes             ; User Verilog HDL File  ; C:/Users/louis/Desktop/lab3/source/mem.v         ;         ;
; source/booth_board.v             ; yes             ; User Verilog HDL File  ; C:/Users/louis/Desktop/lab3/source/booth_board.v ;         ;
+----------------------------------+-----------------+------------------------+--------------------------------------------------+---------+


+------------------------------------------------------+
; Analysis & Synthesis Resource Usage Summary          ;
+---------------------------------------------+--------+
; Resource                                    ; Usage  ;
+---------------------------------------------+--------+
; Estimated Total logic elements              ; 135    ;
;                                             ;        ;
; Total combinational functions               ; 127    ;
; Logic element usage by number of LUT inputs ;        ;
;     -- 4 input functions                    ; 100    ;
;     -- 3 input functions                    ; 19     ;
;     -- <=2 input functions                  ; 8      ;
;                                             ;        ;
; Logic elements by mode                      ;        ;
;     -- normal mode                          ; 111    ;
;     -- arithmetic mode                      ; 16     ;
;                                             ;        ;
; Total registers                             ; 32     ;
;     -- Dedicated logic registers            ; 32     ;
;     -- I/O registers                        ; 0      ;
;                                             ;        ;
; I/O pins                                    ; 78     ;
; Embedded Multiplier 9-bit elements          ; 0      ;
; Maximum fan-out node                        ; KEY[1] ;
; Maximum fan-out                             ; 32     ;
; Total fan-out                               ; 619    ;
; Average fan-out                             ; 2.61   ;
+---------------------------------------------+--------+


+-----------------------------------------------------------------------------------------------------------------------------------------------------------------------------------------------------------------------+
; Analysis & Synthesis Resource Utilization by Entity                                                                                                                                                                   ;
+------------------------------+-------------------+--------------+-------------+--------------+---------+-----------+------+--------------+-------------------------------------------------------------+--------------+
; Compilation Hierarchy Node   ; LC Combinationals ; LC Registers ; Memory Bits ; DSP Elements ; DSP 9x9 ; DSP 18x18 ; Pins ; Virtual Pins ; Full Hierarchy Name                                         ; Library Name ;
+------------------------------+-------------------+--------------+-------------+--------------+---------+-----------+------+--------------+-------------------------------------------------------------+--------------+
; |booth_board                 ; 127 (0)           ; 32 (0)       ; 0           ; 0            ; 0       ; 0         ; 78   ; 0            ; |booth_board                                                ; work         ;
;    |booth:booth|             ; 71 (0)            ; 32 (0)       ; 0           ; 0            ; 0       ; 0         ; 0    ; 0            ; |booth_board|booth:booth                                    ; work         ;
;       |counter:counter|      ; 9 (9)             ; 4 (4)        ; 0           ; 0            ; 0       ; 0         ; 0    ; 0            ; |booth_board|booth:booth|counter:counter                    ; work         ;
;       |mem:mem|              ; 51 (50)           ; 26 (0)       ; 0           ; 0            ; 0       ; 0         ; 0    ; 0            ; |booth_board|booth:booth|mem:mem                            ; work         ;
;          |memblock:memblock| ; 1 (0)             ; 26 (0)       ; 0           ; 0            ; 0       ; 0         ; 0    ; 0            ; |booth_board|booth:booth|mem:mem|memblock:memblock          ; work         ;
;             |memory:A|       ; 0 (0)             ; 9 (9)        ; 0           ; 0            ; 0       ; 0         ; 0    ; 0            ; |booth_board|booth:booth|mem:mem|memblock:memblock|memory:A ; work         ;
;             |memory:B|       ; 1 (1)             ; 9 (9)        ; 0           ; 0            ; 0       ; 0         ; 0    ; 0            ; |booth_board|booth:booth|mem:mem|memblock:memblock|memory:B ; work         ;
;             |memory:C|       ; 0 (0)             ; 8 (8)        ; 0           ; 0            ; 0       ; 0         ; 0    ; 0            ; |booth_board|booth:booth|mem:mem|memblock:memblock|memory:C ; work         ;
;       |state:state|          ; 11 (5)            ; 2 (0)        ; 0           ; 0            ; 0       ; 0         ; 0    ; 0            ; |booth_board|booth:booth|state:state                        ; work         ;
;          |mydff:s0|          ; 4 (4)             ; 1 (1)        ; 0           ; 0            ; 0       ; 0         ; 0    ; 0            ; |booth_board|booth:booth|state:state|mydff:s0               ; work         ;
;          |mydff:s1|          ; 2 (2)             ; 1 (1)        ; 0           ; 0            ; 0       ; 0         ; 0    ; 0            ; |booth_board|booth:booth|state:state|mydff:s1               ; work         ;
;    |hex_7seg:mcand1|         ; 7 (7)             ; 0 (0)        ; 0           ; 0            ; 0       ; 0         ; 0    ; 0            ; |booth_board|hex_7seg:mcand1                                ; work         ;
;    |hex_7seg:mcand2|         ; 7 (7)             ; 0 (0)        ; 0           ; 0            ; 0       ; 0         ; 0    ; 0            ; |booth_board|hex_7seg:mcand2                                ; work         ;
;    |hex_7seg:mplier1|        ; 7 (7)             ; 0 (0)        ; 0           ; 0            ; 0       ; 0         ; 0    ; 0            ; |booth_board|hex_7seg:mplier1                               ; work         ;
;    |hex_7seg:mplier2|        ; 7 (7)             ; 0 (0)        ; 0           ; 0            ; 0       ; 0         ; 0    ; 0            ; |booth_board|hex_7seg:mplier2                               ; work         ;
;    |hex_7seg:product1|       ; 7 (7)             ; 0 (0)        ; 0           ; 0            ; 0       ; 0         ; 0    ; 0            ; |booth_board|hex_7seg:product1                              ; work         ;
;    |hex_7seg:product2|       ; 7 (7)             ; 0 (0)        ; 0           ; 0            ; 0       ; 0         ; 0    ; 0            ; |booth_board|hex_7seg:product2                              ; work         ;
;    |hex_7seg:product3|       ; 7 (7)             ; 0 (0)        ; 0           ; 0            ; 0       ; 0         ; 0    ; 0            ; |booth_board|hex_7seg:product3                              ; work         ;
;    |hex_7seg:product4|       ; 7 (7)             ; 0 (0)        ; 0           ; 0            ; 0       ; 0         ; 0    ; 0            ; |booth_board|hex_7seg:product4                              ; work         ;
+------------------------------+-------------------+--------------+-------------+--------------+---------+-----------+------+--------------+-------------------------------------------------------------+--------------+
Note: For table entries with two numbers listed, the numbers in parentheses indicate the number of resources of the given type used by the specific entity alone. The numbers listed outside of parentheses indicate the total resources of the given type used by the specific entity and all of its sub-entities in the hierarchy.


+---------------------------------------------------------------------------------------------------------------------------+
; Registers Removed During Synthesis                                                                                        ;
+-------------------------------------------------------+-------------------------------------------------------------------+
; Register name                                         ; Reason for Removal                                                ;
+-------------------------------------------------------+-------------------------------------------------------------------+
; booth:booth|mem:mem|memblock:memblock|memory:C|Ram1~8 ; Merged with booth:booth|mem:mem|memblock:memblock|memory:C|Ram1~7 ;
; booth:booth|counter:counter|count[3]                  ; Stuck at GND due to stuck port data_in                            ;
; Total Number of Removed Registers = 2                 ;                                                                   ;
+-------------------------------------------------------+-------------------------------------------------------------------+


+------------------------------------------------------+
; General Register Statistics                          ;
+----------------------------------------------+-------+
; Statistic                                    ; Value ;
+----------------------------------------------+-------+
; Total registers                              ; 32    ;
; Number of registers using Synchronous Clear  ; 0     ;
; Number of registers using Synchronous Load   ; 0     ;
; Number of registers using Asynchronous Clear ; 0     ;
; Number of registers using Asynchronous Load  ; 0     ;
; Number of registers using Clock Enable       ; 25    ;
; Number of registers using Preset             ; 0     ;
+----------------------------------------------+-------+


+-----------------------------------------------------------------------------------------------------------------------------------------------------------------+
; Multiplexer Restructuring Statistics (Restructuring Performed)                                                                                                  ;
+--------------------+-----------+---------------+----------------------+------------------------+------------+---------------------------------------------------+
; Multiplexer Inputs ; Bus Width ; Baseline Area ; Area if Restructured ; Saving if Restructured ; Registered ; Example Multiplexer Output                        ;
+--------------------+-----------+---------------+----------------------+------------------------+------------+---------------------------------------------------+
; 4:1                ; 4 bits    ; 8 LEs         ; 8 LEs                ; 0 LEs                  ; Yes        ; |booth_board|booth:booth|counter:counter|count[3] ;
; 3:1                ; 2 bits    ; 4 LEs         ; 4 LEs                ; 0 LEs                  ; No         ; |booth_board|booth:booth|state:state|Mux3         ;
; 8:1                ; 8 bits    ; 40 LEs        ; 16 LEs               ; 24 LEs                 ; No         ; |booth_board|booth:booth|mem:mem|Mux12            ;
; 8:1                ; 7 bits    ; 35 LEs        ; 28 LEs               ; 7 LEs                  ; No         ; |booth_board|booth:booth|mem:mem|Mux3             ;
; 5:1                ; 2 bits    ; 6 LEs         ; 6 LEs                ; 0 LEs                  ; No         ; |booth_board|booth:booth|mem:mem|Mux1             ;
+--------------------+-----------+---------------+----------------------+------------------------+------------+---------------------------------------------------+


+---------------------------------------------------------------------------------------------+
; Parameter Settings for User Entity Instance: booth:booth|mem:mem|memblock:memblock|memory:A ;
+----------------+-------+--------------------------------------------------------------------+
; Parameter Name ; Value ; Type                                                               ;
+----------------+-------+--------------------------------------------------------------------+
; DATA_WIDTH     ; 9     ; Signed Integer                                                     ;
; ADDR_WIDTH     ; 4     ; Signed Integer                                                     ;
+----------------+-------+--------------------------------------------------------------------+
Note: In order to hide this table in the UI and the text report file, please set the "Show Parameter Settings in Synthesis Report" option in "Analysis and Synthesis Settings -> More Settings" to "Off".


+---------------------------------------------------------------------------------------------+
; Parameter Settings for User Entity Instance: booth:booth|mem:mem|memblock:memblock|memory:B ;
+----------------+-------+--------------------------------------------------------------------+
; Parameter Name ; Value ; Type                                                               ;
+----------------+-------+--------------------------------------------------------------------+
; DATA_WIDTH     ; 9     ; Signed Integer                                                     ;
; ADDR_WIDTH     ; 4     ; Signed Integer                                                     ;
+----------------+-------+--------------------------------------------------------------------+
Note: In order to hide this table in the UI and the text report file, please set the "Show Parameter Settings in Synthesis Report" option in "Analysis and Synthesis Settings -> More Settings" to "Off".


+---------------------------------------------------------------------------------------------+
; Parameter Settings for User Entity Instance: booth:booth|mem:mem|memblock:memblock|memory:C ;
+----------------+-------+--------------------------------------------------------------------+
; Parameter Name ; Value ; Type                                                               ;
+----------------+-------+--------------------------------------------------------------------+
; DATA_WIDTH     ; 9     ; Signed Integer                                                     ;
; ADDR_WIDTH     ; 4     ; Signed Integer                                                     ;
+----------------+-------+--------------------------------------------------------------------+
Note: In order to hide this table in the UI and the text report file, please set the "Show Parameter Settings in Synthesis Report" option in "Analysis and Synthesis Settings -> More Settings" to "Off".


+--------------------------------------------------------------------------+
; Parameter Settings for User Entity Instance: booth:booth|counter:counter ;
+----------------+-------+-------------------------------------------------+
; Parameter Name ; Value ; Type                                            ;
+----------------+-------+-------------------------------------------------+
; n              ; 4     ; Signed Integer                                  ;
; max            ; 7     ; Signed Integer                                  ;
+----------------+-------+-------------------------------------------------+
Note: In order to hide this table in the UI and the text report file, please set the "Show Parameter Settings in Synthesis Report" option in "Analysis and Synthesis Settings -> More Settings" to "Off".


+---------------------------------------------------------+
; Port Connectivity Checks: "booth:booth|counter:counter" ;
+-------+--------+----------+-----------------------------+
; Port  ; Type   ; Severity ; Details                     ;
+-------+--------+----------+-----------------------------+
; count ; Output ; Info     ; Explicitly unconnected      ;
+-------+--------+----------+-----------------------------+


+----------------------------------------------------------------------------+
; Port Connectivity Checks: "booth:booth|mem:mem|memblock:memblock|memory:C" ;
+---------+--------+----------+----------------------------------------------+
; Port    ; Type   ; Severity ; Details                                      ;
+---------+--------+----------+----------------------------------------------+
; Data2_O ; Output ; Info     ; Explicitly unconnected                       ;
+---------+--------+----------+----------------------------------------------+


+----------------------------------------------------------------------------+
; Port Connectivity Checks: "booth:booth|mem:mem|memblock:memblock|memory:B" ;
+---------+--------+----------+----------------------------------------------+
; Port    ; Type   ; Severity ; Details                                      ;
+---------+--------+----------+----------------------------------------------+
; Data2_O ; Output ; Info     ; Explicitly unconnected                       ;
+---------+--------+----------+----------------------------------------------+


+----------------------------------------------------------------------------+
; Port Connectivity Checks: "booth:booth|mem:mem|memblock:memblock|memory:A" ;
+---------+--------+----------+----------------------------------------------+
; Port    ; Type   ; Severity ; Details                                      ;
+---------+--------+----------+----------------------------------------------+
; Data2_O ; Output ; Info     ; Explicitly unconnected                       ;
+---------+--------+----------+----------------------------------------------+


+-------------------------------+
; Elapsed Time Per Partition    ;
+----------------+--------------+
; Partition Name ; Elapsed Time ;
+----------------+--------------+
; Top            ; 00:00:00     ;
+----------------+--------------+


+-------------------------------+
; Analysis & Synthesis Messages ;
+-------------------------------+
Info: *******************************************************************
Info: Running Quartus II 64-Bit Analysis & Synthesis
    Info: Version 13.0.1 Build 232 06/12/2013 Service Pack 1 SJ Web Edition
    Info: Processing started: Wed Feb 08 08:02:59 2017
Info: Command: quartus_map --read_settings_files=on --write_settings_files=off booth -c booth
Info (20030): Parallel compilation is enabled and will use 8 of the 8 processors detected
Info (12021): Found 1 design units, including 1 entities, in source file source/hex_7_seg.v
    Info (12023): Found entity 1: hex_7seg
Info (12021): Found 1 design units, including 1 entities, in source file source/booth.v
    Info (12023): Found entity 1: booth
Warning (10238): Verilog Module Declaration warning at state.v(9): ignored anonymous port(s) indicated by duplicate or dangling comma(s) in the port list for module "state"
Info (12021): Found 1 design units, including 1 entities, in source file source/state.v
    Info (12023): Found entity 1: state
Info (12021): Found 1 design units, including 1 entities, in source file source/dff.v
    Info (12023): Found entity 1: mydff
Info (12021): Found 1 design units, including 1 entities, in source file source/counter.v
    Info (12023): Found entity 1: counter
Info (12021): Found 1 design units, including 1 entities, in source file source/memory.v
    Info (12023): Found entity 1: memory
Info (12021): Found 1 design units, including 1 entities, in source file source/memblock.v
    Info (12023): Found entity 1: memblock
Info (12021): Found 1 design units, including 1 entities, in source file source/mem.v
    Info (12023): Found entity 1: mem
Info (12021): Found 1 design units, including 1 entities, in source file source/booth_board.v
    Info (12023): Found entity 1: booth_board
Info (12127): Elaborating entity "booth_board" for the top level hierarchy
Warning (10034): Output port "LEDR[1]" at booth_board.v(25) has no driver
Info (12128): Elaborating entity "booth" for hierarchy "booth:booth"
Info (12128): Elaborating entity "state" for hierarchy "booth:booth|state:state"
Warning (10270): Verilog HDL Case Statement warning at state.v(44): incomplete case statement has no default case item
Info (12128): Elaborating entity "mydff" for hierarchy "booth:booth|state:state|mydff:s0"
Info (12128): Elaborating entity "mem" for hierarchy "booth:booth|mem:mem"
Warning (10230): Verilog HDL assignment warning at mem.v(66): truncated value with size 32 to match size of target (9)
Warning (10270): Verilog HDL Case Statement warning at mem.v(52): incomplete case statement has no default case item
Info (12128): Elaborating entity "memblock" for hierarchy "booth:booth|mem:mem|memblock:memblock"
Info (12128): Elaborating entity "memory" for hierarchy "booth:booth|mem:mem|memblock:memblock|memory:A"
Info (12128): Elaborating entity "counter" for hierarchy "booth:booth|counter:counter"
Warning (10230): Verilog HDL assignment warning at counter.v(32): truncated value with size 32 to match size of target (4)
Info (12128): Elaborating entity "hex_7seg" for hierarchy "hex_7seg:mplier1"
Warning (12011): Net is missing source, defaulting to GND
    Warning (12110): Net "booth:booth|mem:mem|memblock:memblock|Addr[3]" is missing source, defaulting to GND
    Warning (12110): Net "booth:booth|mem:mem|memblock:memblock|Addr[2]" is missing source, defaulting to GND
    Warning (12110): Net "booth:booth|mem:mem|memblock:memblock|Addr[1]" is missing source, defaulting to GND
    Warning (12110): Net "booth:booth|mem:mem|memblock:memblock|Addr[0]" is missing source, defaulting to GND
    Warning (12110): Net "booth:booth|mem:mem|memblock:memblock|M_Sel" is missing source, defaulting to GND
Info (276014): Found 3 instances of uninferred RAM logic
    Info (276004): RAM logic "booth:booth|mem:mem|memblock:memblock|memory:A|Ram1" is uninferred due to inappropriate RAM size
    Info (276004): RAM logic "booth:booth|mem:mem|memblock:memblock|memory:B|Ram1" is uninferred due to inappropriate RAM size
    Info (276004): RAM logic "booth:booth|mem:mem|memblock:memblock|memory:C|Ram1" is uninferred due to inappropriate RAM size
Warning (13024): Output pins are stuck at VCC or GND
    Warning (13410): Pin "LEDR[1]" is stuck at GND
Info (144001): Generated suppressed messages file C:/Users/louis/Desktop/lab3/output_files/booth.map.smsg
Info (16010): Generating hard_block partition "hard_block:auto_generated_inst"
    Info (16011): Adding 0 node(s), including 0 DDIO, 0 PLL, 0 transceiver and 0 LCELL
Warning (21074): Design contains 1 input pin(s) that do not drive logic
    Warning (15610): No output dependent on input pin "SW[16]"
Info (21057): Implemented 213 device resources after synthesis - the final resource count might be different
    Info (21058): Implemented 20 input pins
    Info (21059): Implemented 58 output pins
    Info (21061): Implemented 135 logic cells
Info: Quartus II 64-Bit Analysis & Synthesis was successful. 0 errors, 16 warnings
    Info: Peak virtual memory: 498 megabytes
    Info: Processing ended: Wed Feb 08 08:03:01 2017
    Info: Elapsed time: 00:00:02
    Info: Total CPU time (on all processors): 00:00:03


+------------------------------------------+
; Analysis & Synthesis Suppressed Messages ;
+------------------------------------------+
The suppressed messages can be found in C:/Users/louis/Desktop/lab3/output_files/booth.map.smsg.


